Copyright 1986-2014 Xilinx, Inc. All Rights Reserved.
---------------------------------------------------------------------------------------------------------------------------------------
| Tool Version : Vivado v.2014.2 (lin64) Build 932637 Wed Jun 11 13:12:34 MDT 2014
| Date         : Thu Nov 13 15:19:02 2014
| Host         : a8 running 64-bit Ubuntu 14.04.1 LTS
| Command      : report_utilization -file gig_ethernet_pcs_pma_0_utilization_synth.rpt -pb gig_ethernet_pcs_pma_0_utilization_synth.pb
| Design       : gig_ethernet_pcs_pma_0
| Device       : xc7z045
| Design State : Synthesized
---------------------------------------------------------------------------------------------------------------------------------------

Utilization Design Information

Table of Contents
-----------------
1. Slice Logic
2. Memory
3. DSP
4. IO and GT Specific
5. Clocking
6. Specific Feature
7. Primitives
8. Black Boxes
9. Instantiated Netlists

1. Slice Logic
--------------

+----------------------------+------+-------+-----------+-------+
|          Site Type         | Used | Fixed | Available | Util% |
+----------------------------+------+-------+-----------+-------+
| Slice LUTs*                |  902 |     0 |    218600 |  0.41 |
|   LUT as Logic             |  892 |     0 |    218600 |  0.40 |
|   LUT as Memory            |   10 |     0 |     70400 |  0.01 |
|     LUT as Distributed RAM |    0 |     0 |           |       |
|     LUT as Shift Register  |   10 |     0 |           |       |
| Slice Registers            | 1008 |     0 |    437200 |  0.23 |
|   Register as Flip Flop    | 1008 |     0 |    437200 |  0.23 |
|   Register as Latch        |    0 |     0 |    437200 |  0.00 |
| F7 Muxes                   |    0 |     0 |    109300 |  0.00 |
| F8 Muxes                   |    0 |     0 |     54650 |  0.00 |
+----------------------------+------+-------+-----------+-------+
* Warning! The Final LUT count, after physical optimizations and full implementation, is typically lower. Run opt_design after synthesis, if not already completed, for a more realistic count.


2. Memory
---------

+----------------+------+-------+-----------+-------+
|    Site Type   | Used | Fixed | Available | Util% |
+----------------+------+-------+-----------+-------+
| Block RAM Tile |    0 |     0 |       545 |  0.00 |
|   RAMB36/FIFO* |    0 |     0 |       545 |  0.00 |
|   RAMB18       |    0 |     0 |      1090 |  0.00 |
+----------------+------+-------+-----------+-------+
* Note: Each Block RAM Tile only has one FIFO logic available and therefore can accommodate only one FIFO36E1 or one FIFO18E1. However, if a FIFO18E1 occupies a Block RAM Tile, that tile can still accommodate a RAMB18E1


3. DSP
------

+-----------+------+-------+-----------+-------+
| Site Type | Used | Fixed | Available | Util% |
+-----------+------+-------+-----------+-------+
| DSPs      |    0 |     0 |       900 |  0.00 |
+-----------+------+-------+-----------+-------+


4. IO and GT Specific
---------------------

+-----------------------------+------+-------+-----------+-------+
|          Site Type          | Used | Fixed | Available | Util% |
+-----------------------------+------+-------+-----------+-------+
| Bonded IOB                  |    0 |     0 |       362 |  0.00 |
| Bonded IPADs                |    2 |     0 |        50 |  4.00 |
| Bonded OPADs                |    0 |     0 |        32 |  0.00 |
| Bonded IOPADs               |    0 |     0 |       130 |  0.00 |
| PHY_CONTROL                 |    0 |     0 |         8 |  0.00 |
| PHASER_REF                  |    0 |     0 |         8 |  0.00 |
| OUT_FIFO                    |    0 |     0 |        32 |  0.00 |
| IN_FIFO                     |    0 |     0 |        32 |  0.00 |
| IDELAYCTRL                  |    0 |     0 |         8 |  0.00 |
| IBUFGDS                     |    0 |     0 |       348 |  0.00 |
| GTXE2_CHANNEL               |    1 |     1 |        16 |  6.25 |
| PHASER_OUT/PHASER_OUT_PHY   |    0 |     0 |        32 |  0.00 |
| PHASER_IN/PHASER_IN_PHY     |    0 |     0 |        32 |  0.00 |
| IDELAYE2/IDELAYE2_FINEDELAY |    0 |     0 |       400 |  0.00 |
| ODELAYE2/ODELAYE2_FINEDELAY |    0 |     0 |       150 |  0.00 |
| IBUFDS_GTE2                 |    1 |     0 |         8 | 12.50 |
| ILOGIC                      |    0 |     0 |       362 |  0.00 |
| OLOGIC                      |    0 |     0 |       362 |  0.00 |
+-----------------------------+------+-------+-----------+-------+


5. Clocking
-----------

+------------+------+-------+-----------+-------+
|  Site Type | Used | Fixed | Available | Util% |
+------------+------+-------+-----------+-------+
| BUFGCTRL   |    4 |     0 |        32 | 12.50 |
| BUFIO      |    0 |     0 |        32 |  0.00 |
| MMCME2_ADV |    1 |     0 |         8 | 12.50 |
| PLLE2_ADV  |    0 |     0 |         8 |  0.00 |
| BUFMRCE    |    0 |     0 |        16 |  0.00 |
| BUFHCE     |    0 |     0 |       168 |  0.00 |
| BUFR       |    0 |     0 |        32 |  0.00 |
+------------+------+-------+-----------+-------+


6. Specific Feature
-------------------

+-------------+------+-------+-----------+-------+
|  Site Type  | Used | Fixed | Available | Util% |
+-------------+------+-------+-----------+-------+
| BSCANE2     |    0 |     0 |         4 |  0.00 |
| CAPTUREE2   |    0 |     0 |         1 |  0.00 |
| DNA_PORT    |    0 |     0 |         1 |  0.00 |
| EFUSE_USR   |    0 |     0 |         1 |  0.00 |
| FRAME_ECCE2 |    0 |     0 |         1 |  0.00 |
| ICAPE2      |    0 |     0 |         2 |  0.00 |
| PCIE_2_1    |    0 |     0 |         1 |  0.00 |
| STARTUPE2   |    0 |     0 |         1 |  0.00 |
| XADC        |    0 |     0 |         1 |  0.00 |
+-------------+------+-------+-----------+-------+


7. Primitives
-------------

+---------------+------+---------------------+
|    Ref Name   | Used | Functional Category |
+---------------+------+---------------------+
| FDRE          |  912 |        Flop & Latch |
| LUT6          |  342 |                 LUT |
| LUT1          |  175 |                 LUT |
| LUT3          |  174 |                 LUT |
| LUT5          |  156 |                 LUT |
| LUT4          |  129 |                 LUT |
| LUT2          |  101 |                 LUT |
| FDSE          |   54 |        Flop & Latch |
| CARRY4        |   51 |          CarryLogic |
| FDPE          |   24 |        Flop & Latch |
| FDCE          |   18 |        Flop & Latch |
| SRL16E        |   10 |  Distributed Memory |
| BUFG          |    4 |               Clock |
| MMCME2_ADV    |    1 |               Clock |
| IBUFDS_GTE2   |    1 |                  IO |
| GTXE2_COMMON  |    1 |                  IO |
| GTXE2_CHANNEL |    1 |                  IO |
+---------------+------+---------------------+


8. Black Boxes
--------------

+----------+------+
| Ref Name | Used |
+----------+------+


9. Instantiated Netlists
------------------------

+----------+------+
| Ref Name | Used |
+----------+------+


